C51 COMPILER V9.00   BUZZER_TRY                                                            11/03/2018 20:13:57 PAGE 1   


C51 COMPILER V9.00, COMPILATION OF MODULE BUZZER_TRY
OBJECT MODULE PLACED IN buzzer_try.OBJ
COMPILER INVOKED BY: E:\单片机\C51\BIN\C51.EXE buzzer_try.c BROWSE DEBUG OBJECTEXTEND

line level    source

   1          #include"reg52.h"
   2          typedef unsigned char u8;
   3          typedef unsigned int u16;
   4          sbit buzzer=P2^1;
   5          
   6          void delayms(unsigned int xms)   //延时函数 ，延时xms
   7          {
   8   1            unsigned int i , j;
   9   1                for(i = 0; i < xms; i++)
  10   1                    for(j = 0; j < 110; j++);
  11   1      }
  12          
  13          void fengming()    //蜂鸣函数，脉宽t = 1ms 周期T = 2ms 频率f = 0.5khz 实际发现延时1ms的时候效果最好
  14          {
  15   1              buzzer = 0; //给P1.5口送低电平
  16   1              delayms(1);   //延时1ms
  17   1              buzzer = 1;   //给P1.5口送高电平
  18   1              delayms(1);   //延时1ms
  19   1      }
  20          
  21          void main()
  22          {
  23   1             while(1)
  24   1            {
  25   2                  fengming();
  26   2             }
  27   1      }
  28          
  29          
  30          
  31          


MODULE INFORMATION:   STATIC OVERLAYABLE
   CODE SIZE        =     51    ----
   CONSTANT SIZE    =   ----    ----
   XDATA SIZE       =   ----    ----
   PDATA SIZE       =   ----    ----
   DATA SIZE        =   ----    ----
   IDATA SIZE       =   ----    ----
   BIT SIZE         =   ----    ----
END OF MODULE INFORMATION.


C51 COMPILATION COMPLETE.  0 WARNING(S),  0 ERROR(S)
